<?xml version="1.0" encoding="UTF-8"?>
<testsuite xmlns:xsi="http://www.w3.org/2001/XMLSchema-instance" xsi:noNamespaceSchemaLocation="https://maven.apache.org/surefire/maven-surefire-plugin/xsd/surefire-test-report.xsd" version="3.0.2" name="com.example.demo.ModeAOpaqueIntrospectionCachedTest" time="0.39" tests="1" errors="0" skipped="0" failures="0">
  <properties>
[...]
</properties>
  <testcase name="opaqueTokensAreCachedAndReduceIntrospectionCalls" classname="com.example.demo.ModeAOpaqueIntrospectionCachedTest" time="0.078">
    <system-out><![CDATA[2026-06-08T12:52:25.478-04:00  INFO 30875 --- [           main] t.c.s.AnnotationConfigContextLoaderUtils : Could not detect default configuration classes for test class [com.example.demo.ModeAOpaqueIntrospectionCachedTest]: ModeAOpaqueIntrospectionCachedTest does not declare any static, non-private, non-final, nested classes annotated with @Configuration.
2026-06-08T12:52:25.479-04:00  INFO 30875 --- [           main] .b.t.c.SpringBootTestContextBootstrapper : Found @SpringBootConfiguration com.example.demo.DemoSpringSecurityApplication for test class com.example.demo.ModeAOpaqueIntrospectionCachedTest

  .   ____          _            __ _ _
 /\\ / ___'_ __ _ _(_)_ __  __ _ \ \ \ \
( ( )\___ | '_ | '_| | '_ \/ _` | \ \ \ \
 \\/  ___)| |_)| | | | | || (_| |  ) ) ) )
  '  |____| .__|_| |_|_| |_\__, | / / / /
 =========|_|==============|___/=/_/_/_/

 :: Spring Boot ::                (v3.4.0)

2026-06-08T12:52:25.487-04:00  INFO 30875 --- [           main] c.e.d.ModeAOpaqueIntrospectionCachedTest : Starting ModeAOpaqueIntrospectionCachedTest using Java 25.0.2 with PID 30875 (started by devalgas in /Users/devalgas/Documents/projets/perso/bmad/devlog/projets/demo-spring-security-jwt-oauth2-oidc-mtls-rotation-des-secrets-durcissement-des-endpoints)
2026-06-08T12:52:25.487-04:00  INFO 30875 --- [           main] c.e.d.ModeAOpaqueIntrospectionCachedTest : The following 1 profile is active: "mode-a-cached"
2026-06-08T12:52:25.563-04:00  INFO 30875 --- [           main] o.s.b.w.embedded.tomcat.TomcatWebServer  : Tomcat initialized with port 0 (http)
2026-06-08T12:52:25.564-04:00  INFO 30875 --- [           main] o.apache.catalina.core.StandardService   : Starting service [Tomcat]
2026-06-08T12:52:25.564-04:00  INFO 30875 --- [           main] o.apache.catalina.core.StandardEngine    : Starting Servlet engine: [Apache Tomcat/10.1.33]
2026-06-08T12:52:25.568-04:00  INFO 30875 --- [           main] o.a.c.c.C.[Tomcat-1].[localhost].[/]     : Initializing Spring embedded WebApplicationContext
2026-06-08T12:52:25.568-04:00  INFO 30875 --- [           main] w.s.c.ServletWebServerApplicationContext : Root WebApplicationContext: initialization completed in 80 ms
2026-06-08T12:52:25.758-04:00  INFO 30875 --- [           main] o.s.b.a.e.web.EndpointLinksResolver      : Exposing 3 endpoints beneath base path '/actuator'
2026-06-08T12:52:25.787-04:00  INFO 30875 --- [           main] o.s.b.w.embedded.tomcat.TomcatWebServer  : Tomcat started on port 50611 (http) with context path '/'
2026-06-08T12:52:25.789-04:00  INFO 30875 --- [           main] c.e.d.ModeAOpaqueIntrospectionCachedTest : Started ModeAOpaqueIntrospectionCachedTest in 0.309 seconds (process running for 2.701)
2026-06-08T12:52:25.792-04:00  INFO 30875 --- [o-auto-2-exec-1] o.a.c.c.C.[Tomcat-1].[localhost].[/]     : Initializing Spring DispatcherServlet 'dispatcherServlet'
2026-06-08T12:52:25.792-04:00  INFO 30875 --- [o-auto-2-exec-1] o.s.web.servlet.DispatcherServlet        : Initializing Servlet 'dispatcherServlet'
2026-06-08T12:52:25.792-04:00  INFO 30875 --- [o-auto-2-exec-1] o.s.web.servlet.DispatcherServlet        : Completed initialization in 0 ms
]]></system-out>
  </testcase>
</testsuite>