<?xml version="1.0" encoding="UTF-8"?>
<testsuite xmlns:xsi="http://www.w3.org/2001/XMLSchema-instance" xsi:noNamespaceSchemaLocation="https://maven.apache.org/surefire/maven-surefire-plugin/xsd/surefire-test-report.xsd" version="3.0.2" name="com.example.demo.ThreadSafetyTest" time="0.839" tests="3" errors="0" skipped="0" failures="0">
  <properties>
[...]
</properties>
  <testcase name="testAtomicHeap_ThreadSafe" classname="com.example.demo.ThreadSafetyTest" time="0.388">
    <system-out><![CDATA[08:31:43.876 [main] INFO org.springframework.test.context.support.AnnotationConfigContextLoaderUtils -- Could not detect default configuration classes for test class [com.example.demo.ThreadSafetyTest]: ThreadSafetyTest does not declare any static, non-private, non-final, nested classes annotated with @Configuration.
08:31:43.929 [main] INFO org.springframework.boot.test.context.SpringBootTestContextBootstrapper -- Found @SpringBootConfiguration com.example.demo.DemoApplication for test class com.example.demo.ThreadSafetyTest

  .   ____          _            __ _ _
 /\\ / ___'_ __ _ _(_)_ __  __ _ \ \ \ \
( ( )\___ | '_ | '_| | '_ \/ _` | \ \ \ \
 \\/  ___)| |_)| | | | | || (_| |  ) ) ) )
  '  |____| .__|_| |_|_| |_\__, | / / / /
 =========|_|==============|___/=/_/_/_/

 :: Spring Boot ::                (v3.4.0)

2026-03-23T08:31:44.068+01:00  INFO 30101 --- [           main] com.example.demo.ThreadSafetyTest        : Starting ThreadSafetyTest using Java 25.0.2 with PID 30101 (started by devalgas in /Users/devalgas/Documents/projets/perso/devlog/Spring/2026/10-JPMS-Modules/demo-devlogs-modules-21/demo-processus-thread-stack-heap)
2026-03-23T08:31:44.069+01:00  INFO 30101 --- [           main] com.example.demo.ThreadSafetyTest        : No active profile set, falling back to 1 default profile: "default"
2026-03-23T08:31:44.229+01:00  INFO 30101 --- [           main] com.example.demo.ThreadSafetyTest        : Started ThreadSafetyTest in 0.253 seconds (process running for 0.695)
Expected (Atomic): 100000, Actual: 100000
]]></system-out>
    <system-err><![CDATA[Mockito is currently self-attaching to enable the inline-mock-maker. This will no longer work in future releases of the JDK. Please add Mockito as an agent to your build what is described in Mockito's documentation: https://javadoc.io/doc/org.mockito/mockito-core/latest/org/mockito/Mockito.html#0.3
WARNING: A Java agent has been loaded dynamically (/Users/devalgas/.m2/repository/net/bytebuddy/byte-buddy-agent/1.15.10/byte-buddy-agent-1.15.10.jar)
WARNING: If a serviceability tool is in use, please run with -XX:+EnableDynamicAgentLoading to hide this warning
WARNING: If a serviceability tool is not in use, please run with -Djdk.instrument.traceUsage for more information
WARNING: Dynamic loading of agents will be disallowed by default in a future release
]]></system-err>
  </testcase>
  <testcase name="testStackSafety_ThreadSafe" classname="com.example.demo.ThreadSafetyTest" time="0.016">
    <system-out><![CDATA[Expected (Stack): 100000, Actual: 100000
]]></system-out>
  </testcase>
  <testcase name="testHeapContention_NotThreadSafe" classname="com.example.demo.ThreadSafetyTest" time="0.012">
    <system-out><![CDATA[Expected (Heap): 100000, Actual: 34289
]]></system-out>
  </testcase>
</testsuite>